c:\users\lokodavida\desktop\baby\projetoc\x64\debug\vc143.pdb
c:\users\lokodavida\desktop\baby\projetoc\x64\debug\vc143.idb
c:\users\lokodavida\desktop\baby\projetoc\x64\debug\product.obj
c:\users\lokodavida\desktop\baby\projetoc\x64\debug\menu.obj
c:\users\lokodavida\desktop\baby\projetoc\x64\debug\main.obj
c:\users\lokodavida\desktop\baby\projetoc\x64\debug\projetoc.exe
c:\users\lokodavida\desktop\baby\projetoc\x64\debug\projetoc.ilk
c:\users\lokodavida\desktop\baby\projetoc\x64\debug\projetoc.pdb
c:\users\lokodavida\desktop\baby\projetoc\x64\debug\product.obj.enc
c:\users\lokodavida\desktop\baby\projetoc\x64\debug\projetoc.vcxproj.cppwinrt_comp.rsp
c:\users\lokodavida\desktop\baby\projetoc\x64\debug\projetoc.vcxproj.cppwinrt_plat.rsp
c:\users\lokodavida\desktop\baby\projetoc\x64\debug\projetoc.vcxproj.mdmerge.rsp
c:\users\lokodavida\desktop\baby\projetoc\x64\debug\projetoc.vcxproj.midlrt.rsp
c:\users\lokodavida\desktop\baby\projetoc\x64\debug\projetoc.tlog\cl.command.1.tlog
c:\users\lokodavida\desktop\baby\projetoc\x64\debug\projetoc.tlog\cl.items.tlog
c:\users\lokodavida\desktop\baby\projetoc\x64\debug\projetoc.tlog\cl.read.1.tlog
c:\users\lokodavida\desktop\baby\projetoc\x64\debug\projetoc.tlog\cl.write.1.tlog
c:\users\lokodavida\desktop\baby\projetoc\x64\debug\projetoc.tlog\link.command.1.tlog
c:\users\lokodavida\desktop\baby\projetoc\x64\debug\projetoc.tlog\link.read.1.tlog
c:\users\lokodavida\desktop\baby\projetoc\x64\debug\projetoc.tlog\link.write.1.tlog
